2023-02-16 14:31:38,561 22406  INFO  Start reading the configuration file ==> ./config/export.yaml 
2023-02-16 14:31:38,565 22406  INFO  Convert yaml format files to python values ==> {'monitoring': [{'name': 'TCP_ESTABLISHED', 'help': 'Monitoring tcp connection status belongs to ESTABLISHED', 'command': 'netstat -ant |grep 80|grep ESTABLISHED|wc -l', 'interval': '30s'}, {'name': 'TCP_CLOSE_WAIT', 'help': 'Monitoring tcp connection status belongs to CLOSE_WAIT', 'command': 'netstat -ant |grep 80|grep CLOSE_WAIT|wc -l', 'interval': '30s'}, {'name': 'root_partition_usage_percentage', 'help': 'root partition usage percentage', 'command': "df -h |grep -w  /  |awk '{print $5 }' |sed  's/%//'", 'interval': '30s'}], 'EXPORT-ENV': [{'port': 8008}]}
2023-02-16 14:41:07,880 11028  INFO  Start reading the configuration file ==> ./config/export.yaml 
2023-02-16 14:41:07,890 11028  INFO  Convert yaml format files to python values ==> {'monitoring': [{'name': 'TCP_ESTABLISHED', 'help': 'Monitoring tcp connection status belongs to ESTABLISHED', 'command': 'netstat -ant |grep 80|grep ESTABLISHED|wc -l', 'interval': '30s'}, {'name': 'TCP_CLOSE_WAIT', 'help': 'Monitoring tcp connection status belongs to CLOSE_WAIT', 'command': 'netstat -ant |grep 80|grep CLOSE_WAIT|wc -l', 'interval': '30s'}, {'name': 'root_partition_usage_percentage', 'help': 'root partition usage percentage', 'command': "df -h |grep -w  /  |awk '{print $5 }' |sed  's/%//'", 'interval': '30s'}], 'EXPORT-ENV': [{'port': 8008}]}
2023-02-16 14:41:07,891 11028  INFO  metric_names: ['TCP_ESTABLISHED', 'TCP_CLOSE_WAIT', 'root_partition_usage_percentage']
metric_helps: ['Monitoring tcp connection status belongs to ESTABLISHED', 'Monitoring tcp connection status belongs to CLOSE_WAIT', 'root partition usage percentage']
command_dict: {'TCP_ESTABLISHED': 'netstat -ant |grep 80|grep ESTABLISHED|wc -l', 'TCP_CLOSE_WAIT': 'netstat -ant |grep 80|grep CLOSE_WAIT|wc -l', 'root_partition_usage_percentage': "df -h |grep -w  /  |awk '{print $5 }' |sed  's/%//'"}
2023-02-16 14:42:51,296 14861  INFO  Start reading the configuration file ==> ./config/export.yaml 
2023-02-16 14:42:51,300 14861  INFO  Convert yaml format files to python values ==> {'monitoring': [{'name': 'TCP_ESTABLISHED', 'help': 'Monitoring tcp connection status belongs to ESTABLISHED', 'command': 'netstat -ant |grep 80|grep ESTABLISHED|wc -l', 'interval': '30s'}, {'name': 'TCP_CLOSE_WAIT', 'help': 'Monitoring tcp connection status belongs to CLOSE_WAIT', 'command': 'netstat -ant |grep 80|grep CLOSE_WAIT|wc -l', 'interval': '30s'}, {'name': 'root_partition_usage_percentage', 'help': 'root partition usage percentage', 'command': "df -h |grep -w  /  |awk '{print $5 }' |sed  's/%//'", 'interval': '30s'}], 'EXPORT-ENV': [{'port': 8008}]}
2023-02-16 14:42:51,301 14861  INFO  metric_names: ['TCP_ESTABLISHED', 'TCP_CLOSE_WAIT', 'root_partition_usage_percentage']
metric_helps: ['Monitoring tcp connection status belongs to ESTABLISHED', 'Monitoring tcp connection status belongs to CLOSE_WAIT', 'root partition usage percentage']
command_dict: {'TCP_ESTABLISHED': 'netstat -ant |grep 80|grep ESTABLISHED|wc -l', 'TCP_CLOSE_WAIT': 'netstat -ant |grep 80|grep CLOSE_WAIT|wc -l', 'root_partition_usage_percentage': "df -h |grep -w  /  |awk '{print $5 }' |sed  's/%//'"}
2023-02-16 14:42:51,337 14861  INFO  Monitor output：{'TCP_ESTABLISHED': 5.0, 'TCP_CLOSE_WAIT': 0.0, 'root_partition_usage_percentage': 70.0}
2023-02-16 14:43:01,373 14861  INFO  Monitor output：{'TCP_ESTABLISHED': 5.0, 'TCP_CLOSE_WAIT': 0.0, 'root_partition_usage_percentage': 70.0}
2023-02-16 14:43:11,407 14861  INFO  Monitor output：{'TCP_ESTABLISHED': 6.0, 'TCP_CLOSE_WAIT': 0.0, 'root_partition_usage_percentage': 70.0}
2023-02-16 14:43:21,451 14861  INFO  Monitor output：{'TCP_ESTABLISHED': 4.0, 'TCP_CLOSE_WAIT': 0.0, 'root_partition_usage_percentage': 70.0}
2023-02-16 14:43:31,483 14861  INFO  Monitor output：{'TCP_ESTABLISHED': 4.0, 'TCP_CLOSE_WAIT': 0.0, 'root_partition_usage_percentage': 70.0}
2023-02-16 14:43:41,534 14861  INFO  Monitor output：{'TCP_ESTABLISHED': 4.0, 'TCP_CLOSE_WAIT': 0.0, 'root_partition_usage_percentage': 70.0}
2023-02-16 14:43:55,427 17298  INFO  Start reading the configuration file ==> ./config/export.yaml 
2023-02-16 14:43:55,431 17298  INFO  Convert yaml format files to python values ==> {'monitoring': [{'name': 'TCP_ESTABLISHED', 'help': 'Monitoring tcp connection status belongs to ESTABLISHED', 'command': 'netstat -ant |grep 80|grep ESTABLISHED|wc -l', 'interval': '30s'}, {'name': 'TCP_CLOSE_WAIT', 'help': 'Monitoring tcp connection status belongs to CLOSE_WAIT', 'command': 'netstat -ant |grep 80|grep CLOSE_WAIT|wc -l', 'interval': '30s'}, {'name': 'root_partition_usage_percentage', 'help': 'root partition usage percentage', 'command': "df -h |grep -w  /  |awk '{print $5 }' |sed  's/%//'", 'interval': '30s'}], 'EXPORT-ENV': [{'port': 8000}]}
2023-02-16 14:43:55,432 17298  INFO  metric_names: ['TCP_ESTABLISHED', 'TCP_CLOSE_WAIT', 'root_partition_usage_percentage']
metric_helps: ['Monitoring tcp connection status belongs to ESTABLISHED', 'Monitoring tcp connection status belongs to CLOSE_WAIT', 'root partition usage percentage']
command_dict: {'TCP_ESTABLISHED': 'netstat -ant |grep 80|grep ESTABLISHED|wc -l', 'TCP_CLOSE_WAIT': 'netstat -ant |grep 80|grep CLOSE_WAIT|wc -l', 'root_partition_usage_percentage': "df -h |grep -w  /  |awk '{print $5 }' |sed  's/%//'"}
2023-02-16 14:43:55,462 17298  INFO  Monitor output：{'TCP_ESTABLISHED': 4.0, 'TCP_CLOSE_WAIT': 0.0, 'root_partition_usage_percentage': 70.0}
2023-02-16 14:44:05,548 17298  INFO  Monitor output：{'TCP_ESTABLISHED': 4.0, 'TCP_CLOSE_WAIT': 0.0, 'root_partition_usage_percentage': 70.0}
